<?xml version="1.0" encoding="UTF-8"?>
<testng-results skipped="0" failed="0" ignored="0" total="1" passed="1">
  <reporter-output>
  </reporter-output>
  <suite name="Default suite" duration-ms="13916" started-at="2018-08-08T20:51:50Z" finished-at="2018-08-08T20:52:04Z">
    <groups>
    </groups>
    <test name="Default test" duration-ms="13916" started-at="2018-08-08T20:51:50Z" finished-at="2018-08-08T20:52:04Z">
      <class name="com.naukri.ApplicationtestNaukari">
        <test-method status="PASS" signature="launchnaukari()[pri:0, instance:com.naukri.ApplicationtestNaukari@4b1c1ea0]" name="launchnaukari" is-config="true" duration-ms="8295" started-at="2018-08-08T20:51:50Z" finished-at="2018-08-08T20:51:58Z">
          <reporter-output>
          </reporter-output>
        </test-method> <!-- launchnaukari -->
        <test-method status="PASS" signature="signupnaukari()[pri:0, instance:com.naukri.ApplicationtestNaukari@4b1c1ea0]" name="signupnaukari" duration-ms="5590" started-at="2018-08-08T20:51:58Z" finished-at="2018-08-08T20:52:04Z">
          <reporter-output>
          </reporter-output>
        </test-method> <!-- signupnaukari -->
      </class> <!-- com.naukri.ApplicationtestNaukari -->
    </test> <!-- Default test -->
  </suite> <!-- Default suite -->
</testng-results>
